TN:
SF:getMinMax.js
FN:19,getMinMax
FN:23,(anonymous_1)
FN:24,(anonymous_2)
FNF:3
FNH:3
FNDA:1,getMinMax
FNDA:4,(anonymous_1)
FNDA:4,(anonymous_2)
DA:20,1
DA:22,1
DA:23,4
DA:24,4
DA:26,1
DA:29,1
LF:6
LH:6
BRF:0
BRH:0
end_of_record
TN:
SF:meanMode.js
FN:23,meanMode
FN:29,(anonymous_1)
FNF:2
FNH:2
FNDA:4,meanMode
FNDA:13,(anonymous_1)
DA:24,4
DA:25,1
DA:28,3
DA:29,3
DA:30,13
DA:31,4
DA:33,9
DA:36,13
DA:38,3
DA:43,3
DA:44,9
DA:45,4
DA:46,4
DA:49,3
DA:50,8
DA:51,1
DA:55,2
DA:59,1
LF:18
LH:18
BRDA:24,0,0,1
BRDA:24,0,1,3
BRDA:30,1,0,4
BRDA:30,1,1,9
BRDA:44,2,0,4
BRDA:44,2,1,5
BRDA:50,3,0,1
BRDA:50,3,1,7
BRDA:50,4,0,8
BRDA:50,4,1,4
BRF:10
BRH:10
end_of_record
TN:
SF:passwordCheck.js
FN:22,passwordCheck
FNF:1
FNH:1
FNDA:2,passwordCheck
DA:23,2
DA:24,2
DA:25,2
DA:26,2
DA:28,2
DA:31,1
LF:6
LH:6
BRDA:28,0,0,2
BRDA:28,0,1,2
BRDA:28,0,2,2
BRDA:28,0,3,2
BRDA:28,0,4,2
BRF:5
BRH:5
end_of_record
TN:
SF:rle.js
FN:16,rle
FN:17,(anonymous_1)
FNF:2
FNH:2
FNDA:1,rle
FNDA:2,(anonymous_1)
DA:17,2
DA:20,1
LF:2
LH:2
BRDA:17,0,0,1
BRDA:17,0,1,1
BRF:2
BRH:2
end_of_record
TN:
SF:sum.js
FN:14,sum
FN:21,plus
FNF:2
FNH:2
FNDA:2,sum
FNDA:2,plus
DA:15,2
DA:16,1
DA:19,1
DA:22,2
DA:23,1
DA:26,1
DA:28,1
DA:31,1
DA:35,1
LF:9
LH:9
BRDA:15,0,0,1
BRDA:15,0,1,1
BRDA:22,1,0,1
BRDA:22,1,1,1
BRF:4
BRH:4
end_of_record
